14:39:27 **** Incremental Build of configuration Debug for project firstTest ****
make pre-build main-build 
a9-linaro-pre-build-step
' '
make: Nothing to be done for 'main-build'.
15:00:30 **** Incremental Build of configuration Debug for project firstTest ****
make pre-build main-build 
a9-linaro-pre-build-step
' '
'Building file: ../src/helloworld.c'
'Invoking: ARM v7 gcc compiler'
arm-none-eabi-gcc -Wall -O0 -g3 -c -fmessage-length=0 -MT"src/helloworld.o" -mcpu=cortex-a9 -mfpu=vfpv3 -mfloat-abi=hard -I../../firstTest_bsp/ps7_cortexa9_0/include -MMD -MP -MF"src/helloworld.d" -MT"src/helloworld.o" -o "src/helloworld.o" "../src/helloworld.c"
../src/helloworld.c:20:16: warning: 'packed' attribute ignored [-Wattributes]
 typedef struct uint24_t __attribute__((packed)) uint24_t;
                ^~~~~~~~
../src/helloworld.c: In function 'initPongLevel':
../src/helloworld.c:71:10: warning: left-hand operand of comma expression has no effect [-Wunused-value]
     BallX,BallY=4;
          ^
../src/helloworld.c: In function 'drawLine':
../src/helloworld.c:96:6: warning: implicit declaration of function 'abs' [-Wimplicit-function-declaration]
 dx = abs (x2-x1);
      ^~~
'Finished building: ../src/helloworld.c'
' '
'Building target: firstTest.elf'
'Invoking: ARM v7 gcc linker'
arm-none-eabi-gcc -mcpu=cortex-a9 -mfpu=vfpv3 -mfloat-abi=hard -Wl,-build-id=none -specs=Xilinx.spec -Wl,-T -Wl,../src/lscript.ld -L../../firstTest_bsp/ps7_cortexa9_0/lib -o "firstTest.elf"  ./src/helloworld.o ./src/platform.o   -Wl,--start-group,-lxil,-lgcc,-lc,--end-group
'Finished building target: firstTest.elf'
' '
'Invoking: ARM v7 Print Size'
arm-none-eabi-size firstTest.elf  |tee "firstTest.elf.size"
   text	   data	    bss	    dec	    hex	filename
  57532	   2584	  23808	  83924	  147d4	firstTest.elf
'Finished building: firstTest.elf.size'
' '
15:02:27 **** Incremental Build of configuration Debug for project firstTest ****
make pre-build main-build 
a9-linaro-pre-build-step
' '
'Building file: ../src/helloworld.c'
'Invoking: ARM v7 gcc compiler'
arm-none-eabi-gcc -Wall -O0 -g3 -c -fmessage-length=0 -MT"src/helloworld.o" -mcpu=cortex-a9 -mfpu=vfpv3 -mfloat-abi=hard -I../../firstTest_bsp/ps7_cortexa9_0/include -MMD -MP -MF"src/helloworld.d" -MT"src/helloworld.o" -o "src/helloworld.o" "../src/helloworld.c"
../src/helloworld.c:20:16: warning: 'packed' attribute ignored [-Wattributes]
 typedef struct uint24_t __attribute__((packed)) uint24_t;
                ^~~~~~~~
../src/helloworld.c: In function 'initPongLevel':
../src/helloworld.c:71:15: warning: left-hand operand of comma expression has no effect [-Wunused-value]
     BalkRechts,BalkLinks = 4;
               ^
../src/helloworld.c:72:10: warning: left-hand operand of comma expression has no effect [-Wunused-value]
     BallX,BallY=4;
          ^
../src/helloworld.c: In function 'drawLine':
../src/helloworld.c:97:6: warning: implicit declaration of function 'abs' [-Wimplicit-function-declaration]
 dx = abs (x2-x1);
      ^~~
'Finished building: ../src/helloworld.c'
' '
'Building target: firstTest.elf'
'Invoking: ARM v7 gcc linker'
arm-none-eabi-gcc -mcpu=cortex-a9 -mfpu=vfpv3 -mfloat-abi=hard -Wl,-build-id=none -specs=Xilinx.spec -Wl,-T -Wl,../src/lscript.ld -L../../firstTest_bsp/ps7_cortexa9_0/lib -o "firstTest.elf"  ./src/helloworld.o ./src/platform.o   -Wl,--start-group,-lxil,-lgcc,-lc,--end-group
'Finished building target: firstTest.elf'
' '
'Invoking: ARM v7 Print Size'
arm-none-eabi-size firstTest.elf  |tee "firstTest.elf.size"
   text	   data	    bss	    dec	    hex	filename
  57532	   2584	  23808	  83924	  147d4	firstTest.elf
'Finished building: firstTest.elf.size'
' '
15:05:50 **** Incremental Build of configuration Debug for project firstTest ****
make pre-build main-build 
a9-linaro-pre-build-step
' '
'Building file: ../src/helloworld.c'
'Invoking: ARM v7 gcc compiler'
arm-none-eabi-gcc -Wall -O0 -g3 -c -fmessage-length=0 -MT"src/helloworld.o" -mcpu=cortex-a9 -mfpu=vfpv3 -mfloat-abi=hard -I../../firstTest_bsp/ps7_cortexa9_0/include -MMD -MP -MF"src/helloworld.d" -MT"src/helloworld.o" -o "src/helloworld.o" "../src/helloworld.c"
../src/helloworld.c:20:16: warning: 'packed' attribute ignored [-Wattributes]
 typedef struct uint24_t __attribute__((packed)) uint24_t;
                ^~~~~~~~
../src/helloworld.c: In function 'initPongLevel':
../src/helloworld.c:71:15: warning: left-hand operand of comma expression has no effect [-Wunused-value]
     BalkRechts,BalkLinks = 4;
               ^
../src/helloworld.c:72:10: warning: left-hand operand of comma expression has no effect [-Wunused-value]
     BallX,BallY=4;
          ^
../src/helloworld.c: In function 'drawLine':
../src/helloworld.c:97:6: warning: implicit declaration of function 'abs' [-Wimplicit-function-declaration]
 dx = abs (x2-x1);
      ^~~
'Finished building: ../src/helloworld.c'
' '
'Building target: firstTest.elf'
'Invoking: ARM v7 gcc linker'
arm-none-eabi-gcc -mcpu=cortex-a9 -mfpu=vfpv3 -mfloat-abi=hard -Wl,-build-id=none -specs=Xilinx.spec -Wl,-T -Wl,../src/lscript.ld -L../../firstTest_bsp/ps7_cortexa9_0/lib -o "firstTest.elf"  ./src/helloworld.o ./src/platform.o   -Wl,--start-group,-lxil,-lgcc,-lc,--end-group
'Finished building target: firstTest.elf'
' '
'Invoking: ARM v7 Print Size'
arm-none-eabi-size firstTest.elf  |tee "firstTest.elf.size"
   text	   data	    bss	    dec	    hex	filename
  57532	   2584	  23808	  83924	  147d4	firstTest.elf
'Finished building: firstTest.elf.size'
' '
15:07:29 **** Incremental Build of configuration Debug for project firstTest ****
make pre-build main-build 
a9-linaro-pre-build-step
' '
'Building file: ../src/helloworld.c'
'Invoking: ARM v7 gcc compiler'
arm-none-eabi-gcc -Wall -O0 -g3 -c -fmessage-length=0 -MT"src/helloworld.o" -mcpu=cortex-a9 -mfpu=vfpv3 -mfloat-abi=hard -I../../firstTest_bsp/ps7_cortexa9_0/include -MMD -MP -MF"src/helloworld.d" -MT"src/helloworld.o" -o "src/helloworld.o" "../src/helloworld.c"
../src/helloworld.c:20:16: warning: 'packed' attribute ignored [-Wattributes]
 typedef struct uint24_t __attribute__((packed)) uint24_t;
                ^~~~~~~~
../src/helloworld.c: In function 'initPongLevel':
../src/helloworld.c:71:15: warning: left-hand operand of comma expression has no effect [-Wunused-value]
     BalkRechts,BalkLinks = 4;
               ^
../src/helloworld.c:72:10: warning: left-hand operand of comma expression has no effect [-Wunused-value]
     BallX,BallY=4;
          ^
../src/helloworld.c: In function 'drawLine':
../src/helloworld.c:97:6: warning: implicit declaration of function 'abs' [-Wimplicit-function-declaration]
 dx = abs (x2-x1);
      ^~~
'Finished building: ../src/helloworld.c'
' '
'Building target: firstTest.elf'
'Invoking: ARM v7 gcc linker'
arm-none-eabi-gcc -mcpu=cortex-a9 -mfpu=vfpv3 -mfloat-abi=hard -Wl,-build-id=none -specs=Xilinx.spec -Wl,-T -Wl,../src/lscript.ld -L../../firstTest_bsp/ps7_cortexa9_0/lib -o "firstTest.elf"  ./src/helloworld.o ./src/platform.o   -Wl,--start-group,-lxil,-lgcc,-lc,--end-group
'Finished building target: firstTest.elf'
' '
'Invoking: ARM v7 Print Size'
arm-none-eabi-size firstTest.elf  |tee "firstTest.elf.size"
   text	   data	    bss	    dec	    hex	filename
  57468	   2584	  23808	  83860	  14794	firstTest.elf
'Finished building: firstTest.elf.size'
' '
15:08:36 **** Incremental Build of configuration Debug for project firstTest ****
make pre-build main-build 
a9-linaro-pre-build-step
' '
'Building file: ../src/helloworld.c'
'Invoking: ARM v7 gcc compiler'
arm-none-eabi-gcc -Wall -O0 -g3 -c -fmessage-length=0 -MT"src/helloworld.o" -mcpu=cortex-a9 -mfpu=vfpv3 -mfloat-abi=hard -I../../firstTest_bsp/ps7_cortexa9_0/include -MMD -MP -MF"src/helloworld.d" -MT"src/helloworld.o" -o "src/helloworld.o" "../src/helloworld.c"
../src/helloworld.c:20:16: warning: 'packed' attribute ignored [-Wattributes]
 typedef struct uint24_t __attribute__((packed)) uint24_t;
                ^~~~~~~~
../src/helloworld.c: In function 'initPongLevel':
../src/helloworld.c:71:15: warning: left-hand operand of comma expression has no effect [-Wunused-value]
     BalkRechts,BalkLinks = 4;
               ^
../src/helloworld.c:72:10: warning: left-hand operand of comma expression has no effect [-Wunused-value]
     BallX,BallY=4;
          ^
../src/helloworld.c: In function 'drawLine':
../src/helloworld.c:97:6: warning: implicit declaration of function 'abs' [-Wimplicit-function-declaration]
 dx = abs (x2-x1);
      ^~~
'Finished building: ../src/helloworld.c'
' '
'Building target: firstTest.elf'
'Invoking: ARM v7 gcc linker'
arm-none-eabi-gcc -mcpu=cortex-a9 -mfpu=vfpv3 -mfloat-abi=hard -Wl,-build-id=none -specs=Xilinx.spec -Wl,-T -Wl,../src/lscript.ld -L../../firstTest_bsp/ps7_cortexa9_0/lib -o "firstTest.elf"  ./src/helloworld.o ./src/platform.o   -Wl,--start-group,-lxil,-lgcc,-lc,--end-group
'Finished building target: firstTest.elf'
' '
'Invoking: ARM v7 Print Size'
arm-none-eabi-size firstTest.elf  |tee "firstTest.elf.size"
   text	   data	    bss	    dec	    hex	filename
  57468	   2584	  23808	  83860	  14794	firstTest.elf
'Finished building: firstTest.elf.size'
' '
15:17:52 **** Incremental Build of configuration Debug for project firstTest ****
make pre-build main-build 
a9-linaro-pre-build-step
' '
'Building file: ../src/helloworld.c'
'Invoking: ARM v7 gcc compiler'
arm-none-eabi-gcc -Wall -O0 -g3 -c -fmessage-length=0 -MT"src/helloworld.o" -mcpu=cortex-a9 -mfpu=vfpv3 -mfloat-abi=hard -I../../firstTest_bsp/ps7_cortexa9_0/include -MMD -MP -MF"src/helloworld.d" -MT"src/helloworld.o" -o "src/helloworld.o" "../src/helloworld.c"
../src/helloworld.c:20:16: warning: 'packed' attribute ignored [-Wattributes]
 typedef struct uint24_t __attribute__((packed)) uint24_t;
                ^~~~~~~~
../src/helloworld.c: In function 'drawLine':
../src/helloworld.c:104:6: warning: implicit declaration of function 'abs' [-Wimplicit-function-declaration]
 dx = abs (x2-x1);
      ^~~
../src/helloworld.c: In function 'hitdetect':
../src/helloworld.c:173:20: error: 'bigY' undeclared (first use in this function)
     if (BallY == ((bigY-2)*8) || BallY == 1)
                    ^~~~
../src/helloworld.c:173:20: note: each undeclared identifier is reported only once for each function it appears in
../src/helloworld.c: At top level:
../src/helloworld.c:179:1: error: expected identifier or '(' before '}' token
 }
 ^
make: *** [src/subdir.mk:26: src/helloworld.o] Error 1
15:18:31 **** Incremental Build of configuration Debug for project firstTest ****
make pre-build main-build 
a9-linaro-pre-build-step
' '
'Building file: ../src/helloworld.c'
'Invoking: ARM v7 gcc compiler'
arm-none-eabi-gcc -Wall -O0 -g3 -c -fmessage-length=0 -MT"src/helloworld.o" -mcpu=cortex-a9 -mfpu=vfpv3 -mfloat-abi=hard -I../../firstTest_bsp/ps7_cortexa9_0/include -MMD -MP -MF"src/helloworld.d" -MT"src/helloworld.o" -o "src/helloworld.o" "../src/helloworld.c"
../src/helloworld.c:20:16: warning: 'packed' attribute ignored [-Wattributes]
 typedef struct uint24_t __attribute__((packed)) uint24_t;
                ^~~~~~~~
../src/helloworld.c: In function 'drawLine':
../src/helloworld.c:106:6: warning: implicit declaration of function 'abs' [-Wimplicit-function-declaration]
 dx = abs (x2-x1);
      ^~~
../src/helloworld.c: In function 'hitdetect':
../src/helloworld.c:175:20: error: 'bigY' undeclared (first use in this function)
     if (BallY == ((bigY-2)*8) || BallY == 1)
                    ^~~~
../src/helloworld.c:175:20: note: each undeclared identifier is reported only once for each function it appears in
../src/helloworld.c: At top level:
../src/helloworld.c:181:1: error: expected identifier or '(' before '}' token
 }
 ^
make: *** [src/subdir.mk:26: src/helloworld.o] Error 1
15:19:17 **** Incremental Build of configuration Debug for project firstTest ****
make pre-build main-build 
a9-linaro-pre-build-step
' '
'Building file: ../src/helloworld.c'
'Invoking: ARM v7 gcc compiler'
arm-none-eabi-gcc -Wall -O0 -g3 -c -fmessage-length=0 -MT"src/helloworld.o" -mcpu=cortex-a9 -mfpu=vfpv3 -mfloat-abi=hard -I../../firstTest_bsp/ps7_cortexa9_0/include -MMD -MP -MF"src/helloworld.d" -MT"src/helloworld.o" -o "src/helloworld.o" "../src/helloworld.c"
../src/helloworld.c:20:16: warning: 'packed' attribute ignored [-Wattributes]
 typedef struct uint24_t __attribute__((packed)) uint24_t;
                ^~~~~~~~
../src/helloworld.c: In function 'drawLine':
../src/helloworld.c:106:6: warning: implicit declaration of function 'abs' [-Wimplicit-function-declaration]
 dx = abs (x2-x1);
      ^~~
../src/helloworld.c: In function 'hitdetect':
../src/helloworld.c:175:20: error: 'bigY' undeclared (first use in this function)
     if (BallY == ((bigY-2)*8) || BallY == 1)
                    ^~~~
../src/helloworld.c:175:20: note: each undeclared identifier is reported only once for each function it appears in
make: *** [src/subdir.mk:26: src/helloworld.o] Error 1
15:20:04 **** Incremental Build of configuration Debug for project firstTest ****
make pre-build main-build 
a9-linaro-pre-build-step
' '
'Building file: ../src/helloworld.c'
'Invoking: ARM v7 gcc compiler'
arm-none-eabi-gcc -Wall -O0 -g3 -c -fmessage-length=0 -MT"src/helloworld.o" -mcpu=cortex-a9 -mfpu=vfpv3 -mfloat-abi=hard -I../../firstTest_bsp/ps7_cortexa9_0/include -MMD -MP -MF"src/helloworld.d" -MT"src/helloworld.o" -o "src/helloworld.o" "../src/helloworld.c"
../src/helloworld.c:20:16: warning: 'packed' attribute ignored [-Wattributes]
 typedef struct uint24_t __attribute__((packed)) uint24_t;
                ^~~~~~~~
../src/helloworld.c: In function 'drawLine':
../src/helloworld.c:106:6: warning: implicit declaration of function 'abs' [-Wimplicit-function-declaration]
 dx = abs (x2-x1);
      ^~~
'Finished building: ../src/helloworld.c'
' '
'Building target: firstTest.elf'
'Invoking: ARM v7 gcc linker'
arm-none-eabi-gcc -mcpu=cortex-a9 -mfpu=vfpv3 -mfloat-abi=hard -Wl,-build-id=none -specs=Xilinx.spec -Wl,-T -Wl,../src/lscript.ld -L../../firstTest_bsp/ps7_cortexa9_0/lib -o "firstTest.elf"  ./src/helloworld.o ./src/platform.o   -Wl,--start-group,-lxil,-lgcc,-lc,--end-group
'Finished building target: firstTest.elf'
' '
'Invoking: ARM v7 Print Size'
arm-none-eabi-size firstTest.elf  |tee "firstTest.elf.size"
   text	   data	    bss	    dec	    hex	filename
  58748	   2584	  23808	  85140	  14c94	firstTest.elf
'Finished building: firstTest.elf.size'
' '
15:20:30 **** Incremental Build of configuration Debug for project firstTest ****
make pre-build main-build 
a9-linaro-pre-build-step
' '
make: Nothing to be done for 'main-build'.
15:21:54 **** Incremental Build of configuration Debug for project firstTest ****
make pre-build main-build 
a9-linaro-pre-build-step
' '
'Building file: ../src/helloworld.c'
'Invoking: ARM v7 gcc compiler'
arm-none-eabi-gcc -Wall -O0 -g3 -c -fmessage-length=0 -MT"src/helloworld.o" -mcpu=cortex-a9 -mfpu=vfpv3 -mfloat-abi=hard -I../../firstTest_bsp/ps7_cortexa9_0/include -MMD -MP -MF"src/helloworld.d" -MT"src/helloworld.o" -o "src/helloworld.o" "../src/helloworld.c"
../src/helloworld.c:20:16: warning: 'packed' attribute ignored [-Wattributes]
 typedef struct uint24_t __attribute__((packed)) uint24_t;
                ^~~~~~~~
../src/helloworld.c: In function 'drawLine':
../src/helloworld.c:107:6: warning: implicit declaration of function 'abs' [-Wimplicit-function-declaration]
 dx = abs (x2-x1);
      ^~~
'Finished building: ../src/helloworld.c'
' '
'Building target: firstTest.elf'
'Invoking: ARM v7 gcc linker'
arm-none-eabi-gcc -mcpu=cortex-a9 -mfpu=vfpv3 -mfloat-abi=hard -Wl,-build-id=none -specs=Xilinx.spec -Wl,-T -Wl,../src/lscript.ld -L../../firstTest_bsp/ps7_cortexa9_0/lib -o "firstTest.elf"  ./src/helloworld.o ./src/platform.o   -Wl,--start-group,-lxil,-lgcc,-lc,--end-group
'Finished building target: firstTest.elf'
' '
'Invoking: ARM v7 Print Size'
arm-none-eabi-size firstTest.elf  |tee "firstTest.elf.size"
   text	   data	    bss	    dec	    hex	filename
  58940	   2584	  23808	  85332	  14d54	firstTest.elf
'Finished building: firstTest.elf.size'
' '
15:22:55 **** Incremental Build of configuration Debug for project firstTest ****
make pre-build main-build 
a9-linaro-pre-build-step
' '
make: Nothing to be done for 'main-build'.
15:23:16 **** Incremental Build of configuration Debug for project firstTest ****
make pre-build main-build 
a9-linaro-pre-build-step
' '
make: Nothing to be done for 'main-build'.
15:25:25 **** Incremental Build of configuration Debug for project firstTest ****
make pre-build main-build 
a9-linaro-pre-build-step
' '
'Building file: ../src/helloworld.c'
'Invoking: ARM v7 gcc compiler'
arm-none-eabi-gcc -Wall -O0 -g3 -c -fmessage-length=0 -MT"src/helloworld.o" -mcpu=cortex-a9 -mfpu=vfpv3 -mfloat-abi=hard -I../../firstTest_bsp/ps7_cortexa9_0/include -MMD -MP -MF"src/helloworld.d" -MT"src/helloworld.o" -o "src/helloworld.o" "../src/helloworld.c"
../src/helloworld.c:20:16: warning: 'packed' attribute ignored [-Wattributes]
 typedef struct uint24_t __attribute__((packed)) uint24_t;
                ^~~~~~~~
../src/helloworld.c: In function 'drawLine':
../src/helloworld.c:108:6: warning: implicit declaration of function 'abs' [-Wimplicit-function-declaration]
 dx = abs (x2-x1);
      ^~~
'Finished building: ../src/helloworld.c'
' '
'Building target: firstTest.elf'
'Invoking: ARM v7 gcc linker'
arm-none-eabi-gcc -mcpu=cortex-a9 -mfpu=vfpv3 -mfloat-abi=hard -Wl,-build-id=none -specs=Xilinx.spec -Wl,-T -Wl,../src/lscript.ld -L../../firstTest_bsp/ps7_cortexa9_0/lib -o "firstTest.elf"  ./src/helloworld.o ./src/platform.o   -Wl,--start-group,-lxil,-lgcc,-lc,--end-group
'Finished building target: firstTest.elf'
' '
'Invoking: ARM v7 Print Size'
arm-none-eabi-size firstTest.elf  |tee "firstTest.elf.size"
   text	   data	    bss	    dec	    hex	filename
  58940	   2584	  23808	  85332	  14d54	firstTest.elf
'Finished building: firstTest.elf.size'
' '
15:26:07 **** Incremental Build of configuration Debug for project firstTest ****
make pre-build main-build 
a9-linaro-pre-build-step
' '
make: Nothing to be done for 'main-build'.
15:26:23 **** Incremental Build of configuration Debug for project firstTest ****
make pre-build main-build 
a9-linaro-pre-build-step
' '
'Building file: ../src/helloworld.c'
'Invoking: ARM v7 gcc compiler'
arm-none-eabi-gcc -Wall -O0 -g3 -c -fmessage-length=0 -MT"src/helloworld.o" -mcpu=cortex-a9 -mfpu=vfpv3 -mfloat-abi=hard -I../../firstTest_bsp/ps7_cortexa9_0/include -MMD -MP -MF"src/helloworld.d" -MT"src/helloworld.o" -o "src/helloworld.o" "../src/helloworld.c"
../src/helloworld.c:20:16: warning: 'packed' attribute ignored [-Wattributes]
 typedef struct uint24_t __attribute__((packed)) uint24_t;
                ^~~~~~~~
../src/helloworld.c: In function 'drawLine':
../src/helloworld.c:108:6: warning: implicit declaration of function 'abs' [-Wimplicit-function-declaration]
 dx = abs (x2-x1);
      ^~~
'Finished building: ../src/helloworld.c'
' '
'Building target: firstTest.elf'
'Invoking: ARM v7 gcc linker'
arm-none-eabi-gcc -mcpu=cortex-a9 -mfpu=vfpv3 -mfloat-abi=hard -Wl,-build-id=none -specs=Xilinx.spec -Wl,-T -Wl,../src/lscript.ld -L../../firstTest_bsp/ps7_cortexa9_0/lib -o "firstTest.elf"  ./src/helloworld.o ./src/platform.o   -Wl,--start-group,-lxil,-lgcc,-lc,--end-group
'Finished building target: firstTest.elf'
' '
'Invoking: ARM v7 Print Size'
arm-none-eabi-size firstTest.elf  |tee "firstTest.elf.size"
   text	   data	    bss	    dec	    hex	filename
  58812	   2584	  23808	  85204	  14cd4	firstTest.elf
'Finished building: firstTest.elf.size'
' '
15:26:53 **** Incremental Build of configuration Debug for project firstTest ****
make pre-build main-build 
a9-linaro-pre-build-step
' '
make: Nothing to be done for 'main-build'.
15:27:06 **** Incremental Build of configuration Debug for project firstTest ****
make pre-build main-build 
a9-linaro-pre-build-step
' '
make: Nothing to be done for 'main-build'.
15:27:16 **** Incremental Build of configuration Debug for project firstTest ****
make pre-build main-build 
a9-linaro-pre-build-step
' '
make: Nothing to be done for 'main-build'.
15:31:16 **** Incremental Build of configuration Debug for project firstTest ****
make pre-build main-build 
a9-linaro-pre-build-step
' '
'Building file: ../src/helloworld.c'
'Invoking: ARM v7 gcc compiler'
arm-none-eabi-gcc -Wall -O0 -g3 -c -fmessage-length=0 -MT"src/helloworld.o" -mcpu=cortex-a9 -mfpu=vfpv3 -mfloat-abi=hard -I../../firstTest_bsp/ps7_cortexa9_0/include -MMD -MP -MF"src/helloworld.d" -MT"src/helloworld.o" -o "src/helloworld.o" "../src/helloworld.c"
../src/helloworld.c:20:16: warning: 'packed' attribute ignored [-Wattributes]
 typedef struct uint24_t __attribute__((packed)) uint24_t;
                ^~~~~~~~
../src/helloworld.c: In function 'drawLine':
../src/helloworld.c:123:6: warning: implicit declaration of function 'abs' [-Wimplicit-function-declaration]
 dx = abs (x2-x1);
      ^~~
'Finished building: ../src/helloworld.c'
' '
'Building target: firstTest.elf'
'Invoking: ARM v7 gcc linker'
arm-none-eabi-gcc -mcpu=cortex-a9 -mfpu=vfpv3 -mfloat-abi=hard -Wl,-build-id=none -specs=Xilinx.spec -Wl,-T -Wl,../src/lscript.ld -L../../firstTest_bsp/ps7_cortexa9_0/lib -o "firstTest.elf"  ./src/helloworld.o ./src/platform.o   -Wl,--start-group,-lxil,-lgcc,-lc,--end-group
'Finished building target: firstTest.elf'
' '
'Invoking: ARM v7 Print Size'
arm-none-eabi-size firstTest.elf  |tee "firstTest.elf.size"
   text	   data	    bss	    dec	    hex	filename
  59068	   2584	  23808	  85460	  14dd4	firstTest.elf
'Finished building: firstTest.elf.size'
' '
15:31:35 **** Incremental Build of configuration Debug for project firstTest ****
make pre-build main-build 
a9-linaro-pre-build-step
' '
'Building file: ../src/helloworld.c'
'Invoking: ARM v7 gcc compiler'
arm-none-eabi-gcc -Wall -O0 -g3 -c -fmessage-length=0 -MT"src/helloworld.o" -mcpu=cortex-a9 -mfpu=vfpv3 -mfloat-abi=hard -I../../firstTest_bsp/ps7_cortexa9_0/include -MMD -MP -MF"src/helloworld.d" -MT"src/helloworld.o" -o "src/helloworld.o" "../src/helloworld.c"
../src/helloworld.c:20:16: warning: 'packed' attribute ignored [-Wattributes]
 typedef struct uint24_t __attribute__((packed)) uint24_t;
                ^~~~~~~~
../src/helloworld.c: In function 'drawLine':
../src/helloworld.c:123:6: warning: implicit declaration of function 'abs' [-Wimplicit-function-declaration]
 dx = abs (x2-x1);
      ^~~
'Finished building: ../src/helloworld.c'
' '
'Building target: firstTest.elf'
'Invoking: ARM v7 gcc linker'
arm-none-eabi-gcc -mcpu=cortex-a9 -mfpu=vfpv3 -mfloat-abi=hard -Wl,-build-id=none -specs=Xilinx.spec -Wl,-T -Wl,../src/lscript.ld -L../../firstTest_bsp/ps7_cortexa9_0/lib -o "firstTest.elf"  ./src/helloworld.o ./src/platform.o   -Wl,--start-group,-lxil,-lgcc,-lc,--end-group
'Finished building target: firstTest.elf'
' '
'Invoking: ARM v7 Print Size'
arm-none-eabi-size firstTest.elf  |tee "firstTest.elf.size"
   text	   data	    bss	    dec	    hex	filename
  59260	   2584	  23808	  85652	  14e94	firstTest.elf
'Finished building: firstTest.elf.size'
' '
15:32:36 **** Incremental Build of configuration Debug for project firstTest ****
make pre-build main-build 
a9-linaro-pre-build-step
' '
'Building file: ../src/helloworld.c'
'Invoking: ARM v7 gcc compiler'
arm-none-eabi-gcc -Wall -O0 -g3 -c -fmessage-length=0 -MT"src/helloworld.o" -mcpu=cortex-a9 -mfpu=vfpv3 -mfloat-abi=hard -I../../firstTest_bsp/ps7_cortexa9_0/include -MMD -MP -MF"src/helloworld.d" -MT"src/helloworld.o" -o "src/helloworld.o" "../src/helloworld.c"
../src/helloworld.c:20:16: warning: 'packed' attribute ignored [-Wattributes]
 typedef struct uint24_t __attribute__((packed)) uint24_t;
                ^~~~~~~~
../src/helloworld.c: In function 'drawLine':
../src/helloworld.c:124:6: warning: implicit declaration of function 'abs' [-Wimplicit-function-declaration]
 dx = abs (x2-x1);
      ^~~
'Finished building: ../src/helloworld.c'
' '
'Building target: firstTest.elf'
'Invoking: ARM v7 gcc linker'
arm-none-eabi-gcc -mcpu=cortex-a9 -mfpu=vfpv3 -mfloat-abi=hard -Wl,-build-id=none -specs=Xilinx.spec -Wl,-T -Wl,../src/lscript.ld -L../../firstTest_bsp/ps7_cortexa9_0/lib -o "firstTest.elf"  ./src/helloworld.o ./src/platform.o   -Wl,--start-group,-lxil,-lgcc,-lc,--end-group
'Finished building target: firstTest.elf'
' '
'Invoking: ARM v7 Print Size'
arm-none-eabi-size firstTest.elf  |tee "firstTest.elf.size"
   text	   data	    bss	    dec	    hex	filename
  59260	   2584	  23808	  85652	  14e94	firstTest.elf
'Finished building: firstTest.elf.size'
' '
15:33:11 **** Incremental Build of configuration Debug for project firstTest ****
make pre-build main-build 
a9-linaro-pre-build-step
' '
'Building file: ../src/helloworld.c'
'Invoking: ARM v7 gcc compiler'
arm-none-eabi-gcc -Wall -O0 -g3 -c -fmessage-length=0 -MT"src/helloworld.o" -mcpu=cortex-a9 -mfpu=vfpv3 -mfloat-abi=hard -I../../firstTest_bsp/ps7_cortexa9_0/include -MMD -MP -MF"src/helloworld.d" -MT"src/helloworld.o" -o "src/helloworld.o" "../src/helloworld.c"
../src/helloworld.c:20:16: warning: 'packed' attribute ignored [-Wattributes]
 typedef struct uint24_t __attribute__((packed)) uint24_t;
                ^~~~~~~~
../src/helloworld.c: In function 'drawLine':
../src/helloworld.c:122:6: warning: implicit declaration of function 'abs' [-Wimplicit-function-declaration]
 dx = abs (x2-x1);
      ^~~
'Finished building: ../src/helloworld.c'
' '
'Building target: firstTest.elf'
'Invoking: ARM v7 gcc linker'
arm-none-eabi-gcc -mcpu=cortex-a9 -mfpu=vfpv3 -mfloat-abi=hard -Wl,-build-id=none -specs=Xilinx.spec -Wl,-T -Wl,../src/lscript.ld -L../../firstTest_bsp/ps7_cortexa9_0/lib -o "firstTest.elf"  ./src/helloworld.o ./src/platform.o   -Wl,--start-group,-lxil,-lgcc,-lc,--end-group
'Finished building target: firstTest.elf'
' '
'Invoking: ARM v7 Print Size'
arm-none-eabi-size firstTest.elf  |tee "firstTest.elf.size"
   text	   data	    bss	    dec	    hex	filename
  59260	   2584	  23808	  85652	  14e94	firstTest.elf
'Finished building: firstTest.elf.size'
' '
15:34:17 **** Incremental Build of configuration Debug for project firstTest ****
make pre-build main-build 
a9-linaro-pre-build-step
' '
'Building file: ../src/helloworld.c'
'Invoking: ARM v7 gcc compiler'
arm-none-eabi-gcc -Wall -O0 -g3 -c -fmessage-length=0 -MT"src/helloworld.o" -mcpu=cortex-a9 -mfpu=vfpv3 -mfloat-abi=hard -I../../firstTest_bsp/ps7_cortexa9_0/include -MMD -MP -MF"src/helloworld.d" -MT"src/helloworld.o" -o "src/helloworld.o" "../src/helloworld.c"
../src/helloworld.c:20:16: warning: 'packed' attribute ignored [-Wattributes]
 typedef struct uint24_t __attribute__((packed)) uint24_t;
                ^~~~~~~~
../src/helloworld.c: In function 'drawLine':
../src/helloworld.c:120:6: warning: implicit declaration of function 'abs' [-Wimplicit-function-declaration]
 dx = abs (x2-x1);
      ^~~
'Finished building: ../src/helloworld.c'
' '
'Building target: firstTest.elf'
'Invoking: ARM v7 gcc linker'
arm-none-eabi-gcc -mcpu=cortex-a9 -mfpu=vfpv3 -mfloat-abi=hard -Wl,-build-id=none -specs=Xilinx.spec -Wl,-T -Wl,../src/lscript.ld -L../../firstTest_bsp/ps7_cortexa9_0/lib -o "firstTest.elf"  ./src/helloworld.o ./src/platform.o   -Wl,--start-group,-lxil,-lgcc,-lc,--end-group
'Finished building target: firstTest.elf'
' '
'Invoking: ARM v7 Print Size'
arm-none-eabi-size firstTest.elf  |tee "firstTest.elf.size"
   text	   data	    bss	    dec	    hex	filename
  59260	   2584	  23808	  85652	  14e94	firstTest.elf
'Finished building: firstTest.elf.size'
' '
15:34:29 **** Incremental Build of configuration Debug for project firstTest ****
make pre-build main-build 
a9-linaro-pre-build-step
' '
make: Nothing to be done for 'main-build'.
15:34:41 **** Incremental Build of configuration Debug for project firstTest ****
make pre-build main-build 
a9-linaro-pre-build-step
' '
make: Nothing to be done for 'main-build'.
15:35:14 **** Incremental Build of configuration Debug for project firstTest ****
make pre-build main-build 
a9-linaro-pre-build-step
' '
make: Nothing to be done for 'main-build'.
